<?xml version="1.0" encoding="UTF-8"?>
<testsuite name="com.dewijones92.ytdlpkt.MappingTest" tests="9" skipped="0" failures="0" errors="0" timestamp="2026-07-03T06:28:57.181Z" hostname="APTEM-D61QB54" time="0.136">
  <properties/>
  <testcase name="mapsSubtitlesAndCaptions" classname="com.dewijones92.ytdlpkt.MappingTest" time="0.102"/>
  <testcase name="mapsFormatLanguage" classname="com.dewijones92.ytdlpkt.MappingTest" time="0.007"/>
  <testcase name="mapsTopLevelFields" classname="com.dewijones92.ytdlpkt.MappingTest" time="0.005"/>
  <testcase name="detectsLiveFromStatus" classname="com.dewijones92.ytdlpkt.MappingTest" time="0.005"/>
  <testcase name="countsDefaultToUnknownWhenAbsent" classname="com.dewijones92.ytdlpkt.MappingTest" time="0.003"/>
  <testcase name="classifiesFormats" classname="com.dewijones92.ytdlpkt.MappingTest" time="0.005"/>
  <testcase name="mapsMetadata" classname="com.dewijones92.ytdlpkt.MappingTest" time="0.003"/>
  <testcase name="notLiveByDefault" classname="com.dewijones92.ytdlpkt.MappingTest" time="0.003"/>
  <testcase name="mapsFormatDetails" classname="com.dewijones92.ytdlpkt.MappingTest" time="0.003"/>
  <system-out><![CDATA[]]></system-out>
  <system-err><![CDATA[]]></system-err>
</testsuite>
