<?xml version="1.0" encoding="UTF-8"?>
<testsuite name="com.dewijones92.ytdlpkt.MappingTest" tests="9" skipped="0" failures="0" errors="0" timestamp="2026-07-01T20:01:09.972Z" hostname="APTEM-D61QB54" time="0.151">
  <properties/>
  <testcase name="mapsSubtitlesAndCaptions" classname="com.dewijones92.ytdlpkt.MappingTest" time="0.109"/>
  <testcase name="mapsFormatLanguage" classname="com.dewijones92.ytdlpkt.MappingTest" time="0.009"/>
  <testcase name="mapsTopLevelFields" classname="com.dewijones92.ytdlpkt.MappingTest" time="0.005"/>
  <testcase name="detectsLiveFromStatus" classname="com.dewijones92.ytdlpkt.MappingTest" time="0.006"/>
  <testcase name="countsDefaultToUnknownWhenAbsent" classname="com.dewijones92.ytdlpkt.MappingTest" time="0.002"/>
  <testcase name="classifiesFormats" classname="com.dewijones92.ytdlpkt.MappingTest" time="0.005"/>
  <testcase name="mapsMetadata" classname="com.dewijones92.ytdlpkt.MappingTest" time="0.007"/>
  <testcase name="notLiveByDefault" classname="com.dewijones92.ytdlpkt.MappingTest" time="0.006"/>
  <testcase name="mapsFormatDetails" classname="com.dewijones92.ytdlpkt.MappingTest" time="0.002"/>
  <system-out><![CDATA[]]></system-out>
  <system-err><![CDATA[]]></system-err>
</testsuite>
